<?xml version="1.0" encoding="UTF-8"?>
<!-- Generated by org.testng.reporters.JUnitReportReporter -->
<testsuite hostname="LAPTOP-I5CU4DT5" failures="0" tests="2" name="test.Testclass1" time="0.008" errors="0" timestamp="2022-02-11T10:55:49 IST" skipped="0">
  <testcase classname="test.Testclass1" name="test2" time="0.002"/>
  <system-out/>
  <testcase classname="test.Testclass1" name="test1" time="0.006"/>
  <system-out/>
</testsuite> <!-- test.Testclass1 -->
